[debug] [2025-11-30T08:35:52.764Z] ----------------------------------------------------------------------
[debug] [2025-11-30T08:35:52.778Z] Command:       C:\Program Files\nodejs\node.exe C:\Users\AbishekV\AppData\Roaming\npm\node_modules\firebase-tools\lib\bin\firebase.js init
[debug] [2025-11-30T08:35:52.779Z] CLI Version:   14.26.0
[debug] [2025-11-30T08:35:52.779Z] Platform:      win32
[debug] [2025-11-30T08:35:52.779Z] Node Version:  v20.18.0
[debug] [2025-11-30T08:35:52.780Z] Time:          Sun Nov 30 2025 14:05:52 GMT+0530 (India Standard Time)
[debug] [2025-11-30T08:35:52.780Z] ----------------------------------------------------------------------
[debug] 
[debug] [2025-11-30T08:35:52.784Z] >>> [apiv2][query] GET https://firebase-public.firebaseio.com/cli.json [none]
[info] 
     ######## #### ########  ######## ########     ###     ######  ########
     ##        ##  ##     ## ##       ##     ##  ##   ##  ##       ##
     ######    ##  ########  ######   ########  #########  ######  ######
     ##        ##  ##    ##  ##       ##     ## ##     ##       ## ##
     ##       #### ##     ## ######## ########  ##     ##  ######  ########

You're about to initialize a Firebase project in this directory:

  D:\Documents\koodol

Before we get started, keep in mind:

  * You are initializing within an existing Firebase project directory

[debug] [2025-11-30T08:35:54.096Z] <<< [apiv2][status] GET https://firebase-public.firebaseio.com/cli.json 200
[debug] [2025-11-30T08:35:54.097Z] <<< [apiv2][body] GET https://firebase-public.firebaseio.com/cli.json {"cloudBuildErrorAfter":1594252800000,"cloudBuildWarnAfter":1590019200000,"defaultNode10After":1594252800000,"minVersion":"3.0.5","node8DeploysDisabledAfter":1613390400000,"node8RuntimeDisabledAfter":1615809600000,"node8WarnAfter":1600128000000}
[info] 
=== Project Setup
[info] 
[info] First, let's associate this project directory with a Firebase project.
[info] You can create multiple project aliases by running firebase use --add, 
[info] 
[debug] [2025-11-30T08:36:16.551Z] > command requires scopes: ["email","openid","https://www.googleapis.com/auth/cloudplatformprojects.readonly","https://www.googleapis.com/auth/firebase","https://www.googleapis.com/auth/cloud-platform"]
[debug] [2025-11-30T08:36:16.551Z] > authorizing via signed-in user (abishek.vp13@gmail.com)
[debug] [2025-11-30T08:36:16.552Z] Checked if tokens are valid: false, expires at: 1763793097618
[debug] [2025-11-30T08:36:16.552Z] Checked if tokens are valid: false, expires at: 1763793097618
[debug] [2025-11-30T08:36:16.552Z] > refreshing access token with scopes: []
[debug] [2025-11-30T08:36:16.553Z] >>> [apiv2][query] POST https://www.googleapis.com/oauth2/v3/token [none]
[debug] [2025-11-30T08:36:16.553Z] >>> [apiv2][body] POST https://www.googleapis.com/oauth2/v3/token [omitted]
[debug] [2025-11-30T08:36:16.673Z] <<< [apiv2][status] POST https://www.googleapis.com/oauth2/v3/token 200
[debug] [2025-11-30T08:36:16.673Z] <<< [apiv2][body] POST https://www.googleapis.com/oauth2/v3/token [omitted]
[debug] [2025-11-30T08:36:16.683Z] >>> [apiv2][query] GET https://firebase.googleapis.com/v1beta1/projects/movieguess-434ae [none]
[debug] [2025-11-30T08:36:17.229Z] <<< [apiv2][status] GET https://firebase.googleapis.com/v1beta1/projects/movieguess-434ae 200
[debug] [2025-11-30T08:36:17.229Z] <<< [apiv2][body] GET https://firebase.googleapis.com/v1beta1/projects/movieguess-434ae {"projectId":"movieguess-434ae","projectNumber":"516633216994","displayName":"cinemyst","name":"projects/movieguess-434ae","resources":{"hostingSite":"movieguess-434ae"},"state":"ACTIVE","etag":"1_1c1fc73a-c72f-4cc9-aa44-f53456a980e2"}
[info] i  Using project movieguess-434ae (cinemyst) . 
[info] 
=== Hosting Setup
[debug] [2025-11-30T08:36:17.244Z] Checked if tokens are valid: true, expires at: 1764495375673
[debug] [2025-11-30T08:36:17.244Z] Checked if tokens are valid: true, expires at: 1764495375673
[debug] [2025-11-30T08:36:17.244Z] >>> [apiv2][query] GET https://firebase.googleapis.com/v1beta1/projects/movieguess-434ae [none]
[debug] [2025-11-30T08:36:17.743Z] <<< [apiv2][status] GET https://firebase.googleapis.com/v1beta1/projects/movieguess-434ae 200
[debug] [2025-11-30T08:36:17.744Z] <<< [apiv2][body] GET https://firebase.googleapis.com/v1beta1/projects/movieguess-434ae {"projectId":"movieguess-434ae","projectNumber":"516633216994","displayName":"cinemyst","name":"projects/movieguess-434ae","resources":{"hostingSite":"movieguess-434ae"},"state":"ACTIVE","etag":"1_1c1fc73a-c72f-4cc9-aa44-f53456a980e2"}
[info] 
[info] Your public directory is the folder (relative to your project directory) that
[info] will contain Hosting assets to be uploaded with firebase deploy. If you
[info] have a build process for your assets, use your build's output directory.
[info] 
[debug] [2025-11-30T08:36:24.915Z] ExitPromptError: User force closed the prompt with SIGINT
    at Interface.sigint (C:\Users\AbishekV\AppData\Roaming\npm\node_modules\firebase-tools\node_modules\@inquirer\core\dist\commonjs\lib\create-prompt.js:101:37)
    at Interface.emit (node:events:519:28)
    at Interface.emit (node:domain:488:12)
    at [_ttyWrite] [as _ttyWrite] (node:internal/readline/interface:1126:18)
    at ReadStream.onkeypress (node:internal/readline/interface:265:20)
    at ReadStream.emit (node:events:531:35)
    at ReadStream.emit (node:domain:488:12)
    at emitKeys (node:internal/readline/utils:371:14)
    at emitKeys.next (<anonymous>)
    at ReadStream.onData (node:internal/readline/emitKeypressEvents:64:36)
[error] 
[error] Error: An unexpected error has occurred.
